<?xml version="1.0" encoding="UTF-8"?>
<testsuites name="User" time="56" tests="0" failures="1" errors="0">
   <testsuite name="User" tests="0" failures="1" errors="0" time="56" timestamp="2018-06-29 13:11:48" hostname="DGlenn - MUSES-David.local.niirs10.com" id="Test Suites/User">
      <properties>
         <property name="deviceName" value=""/>
         <property name="devicePlatform" value=""/>
         <property name="logFolder" value="D:\\ATPS\\ESPATP\\Reports\\User\\20180629_131142"/>
         <property name="logFiles" value="D:\\ATPS\\ESPATP\\Reports\\User\\20180629_131142\\execution0.log"/>
         <property name="attachments" value="D:\\ATPS\\ESPATP\\Reports\\User\\20180629_131142\\1530295963753.png"/>
         <property name="hostName" value="DGlenn - MUSES-David.local.niirs10.com"/>
         <property name="os" value="Windows 10 64bit"/>
         <property name="katalonVersion" value="5.4.2.1"/>
         <property name="browser" value="Firefox 59.0"/>
         <property name="hostAddress" value="192.168.56.1"/>
         <property name="sessionId" value="21899acc-4915-44ca-bf44-be06c7f7c360"/>
         <property name="seleniumVersion" value="3.7.1"/>
         <property name="proxyInformation" value="ProxyInformation{proxyOption=NO_PROXY, proxyServerType=HTTP, password=, proxyServerAddress=, proxyServerPort=0}"/>
         <property name="platform" value="Windows 10"/>
      </properties>
      <testcase name="Test Cases/Landsat8AndNAIPOrder" classname="Test Cases/Landsat8AndNAIPOrder" status="FAILED">
         <failure type="FAILED" message="Unable to click on object 'Object Repository/Page_Earth Sensor Portal/SearchResults/SearchResults_SelectFirstRow' (Root cause: com.kms.katalon.core.webui.exception.WebElementNotFoundException: Web element with id: 'Object Repository/Page_Earth Sensor Portal/SearchResults/SearchResults_SelectFirstRow' located by 'By.cssSelector: #searchResult-pane-1 .table-responsive tbody tr:nth-child(1) td:first-child input' not found)"/>
         <system-out><![CDATA[2018-06-29 13:11:49 - [TEST_CASE][FAILED] - Test Cases/Landsat8AndNAIPOrder: Test Cases/Landsat8AndNAIPOrder FAILED because (of) Unable to click on object 'Object Repository/Page_Earth Sensor Portal/SearchResults/SearchResults_SelectFirstRow' (Root cause: com.kms.katalon.core.webui.exception.WebElementNotFoundException: Web element with id: 'Object Repository/Page_Earth Sensor Portal/SearchResults/SearchResults_SelectFirstRow' located by 'By.cssSelector: #searchResult-pane-1 .table-responsive tbody tr:nth-child(1) td:first-child input' not found)

2018-06-29 13:11:49 - [TEST_STEP][PASSED] - callTestCase: Call Test Case 'Test Cases/Utilities/GetLoginInfo' successfully

2018-06-29 13:11:49 - [TEST_CASE][PASSED] - Test Cases/Utilities/GetLoginInfo: Test Cases/Utilities/GetLoginInfo

2018-06-29 13:11:49 - [TEST_STEP][PASSED] - Statement - envData = com.kms.katalon.core.testdata.TestDataFactory.findTestData(LoginData): Reading excel file with source file 'D:\ATPS\TestData\logins.xlsx' and sheet name 'Test1'

2018-06-29 13:11:50 - [TEST_STEP][PASSED] - Statement - User = envData.getValue(2, EnvDataRowIndex): null

2018-06-29 13:11:50 - [TEST_STEP][PASSED] - Statement - pwd = envData.getValue(3, EnvDataRowIndex): null

2018-06-29 13:11:50 - [TEST_STEP][PASSED] - Statement - ScreenShotFile = envData.getValue(4, EnvDataRowIndex): null

2018-06-29 13:11:50 - [MESSAGE][PASSED] - Call Test Case 'Test Cases/Utilities/GetLoginInfo' successfully

2018-06-29 13:11:50 - [TEST_STEP][PASSED] - openBrowser: Browser is opened with url: ''

2018-06-29 13:11:54 - [MESSAGE][PASSED] - Browser is opened with url: ''

2018-06-29 13:11:54 - [TEST_STEP][PASSED] - navigateToUrl: Navigate to 'https://geocue.tcloudhost-dev.com' successfully

2018-06-29 13:11:55 - [MESSAGE][PASSED] - Navigate to 'https://geocue.tcloudhost-dev.com' successfully

2018-06-29 13:11:55 - [TEST_STEP][PASSED] - setText: Text 'dmglenn3034@gmail.com' is set on object 'Object Repository/Page_Earth Sensor Portal/input_Email'

2018-06-29 13:11:55 - [MESSAGE][PASSED] - Text 'dmglenn3034@gmail.com' is set on object 'Object Repository/Page_Earth Sensor Portal/input_Email'

2018-06-29 13:11:55 - [TEST_STEP][PASSED] - setText: Text 'David123!' is set on object 'Object Repository/Page_Earth Sensor Portal/input_Password'

2018-06-29 13:11:55 - [MESSAGE][PASSED] - Text 'David123!' is set on object 'Object Repository/Page_Earth Sensor Portal/input_Password'

2018-06-29 13:11:55 - [TEST_STEP][PASSED] - click: Object: 'Object Repository/Page_Earth Sensor Portal/Signin_Button' is clicked on

2018-06-29 13:11:57 - [MESSAGE][PASSED] - Object: 'Object Repository/Page_Earth Sensor Portal/Signin_Button' is clicked on

2018-06-29 13:11:57 - [TEST_STEP][PASSED] - setText: Text 'Birmingham, Al' is set on object 'Object Repository/Page_Earth Sensor Portal/CesiumSearchField'

2018-06-29 13:11:58 - [MESSAGE][PASSED] - Text 'Birmingham, Al' is set on object 'Object Repository/Page_Earth Sensor Portal/CesiumSearchField'

2018-06-29 13:11:58 - [TEST_STEP][PASSED] - click: Object: 'Object Repository/Page_Earth Sensor Portal/CesiumSearchButton' is clicked on

2018-06-29 13:11:58 - [MESSAGE][PASSED] - Object: 'Object Repository/Page_Earth Sensor Portal/CesiumSearchButton' is clicked on

2018-06-29 13:11:58 - [TEST_STEP][PASSED] - Statement - java.lang.Thread.sleep(4000): null

2018-06-29 13:12:02 - [TEST_STEP][PASSED] - click: Object: 'Object Repository/Page_Earth Sensor Portal/Catalog/CatalogAOIAsView_Button' is clicked on

2018-06-29 13:12:02 - [MESSAGE][PASSED] - Object: 'Object Repository/Page_Earth Sensor Portal/Catalog/CatalogAOIAsView_Button' is clicked on

2018-06-29 13:12:02 - [TEST_STEP][PASSED] - click: Object: 'Object Repository/Page_Earth Sensor Portal/Catalog/CatalogProducts_Button' is clicked on

2018-06-29 13:12:03 - [MESSAGE][PASSED] - Object: 'Object Repository/Page_Earth Sensor Portal/Catalog/CatalogProducts_Button' is clicked on

2018-06-29 13:12:03 - [TEST_STEP][PASSED] - check: Object 'Object Repository/Page_Earth Sensor Portal/ProductSelection/ProductselectionLandsat8NDVI_Checkbox' is checked

2018-06-29 13:12:03 - [MESSAGE][PASSED] - Object 'Object Repository/Page_Earth Sensor Portal/ProductSelection/ProductselectionLandsat8NDVI_Checkbox' is checked

2018-06-29 13:12:03 - [TEST_STEP][PASSED] - click: Object: 'Object Repository/Page_Earth Sensor Portal/ProductSelection/ProductSelection_OK' is clicked on

2018-06-29 13:12:03 - [MESSAGE][PASSED] - Object: 'Object Repository/Page_Earth Sensor Portal/ProductSelection/ProductSelection_OK' is clicked on

2018-06-29 13:12:03 - [TEST_STEP][PASSED] - Statement - java.lang.Thread.sleep(4000): null

2018-06-29 13:12:07 - [TEST_STEP][PASSED] - click: Object: 'Object Repository/Page_Earth Sensor Portal/SearchResults/SearchResults_SelectFirstRow' is clicked on

2018-06-29 13:12:08 - [MESSAGE][PASSED] - Object: 'Object Repository/Page_Earth Sensor Portal/SearchResults/SearchResults_SelectFirstRow' is clicked on

2018-06-29 13:12:08 - [TEST_STEP][PASSED] - click: Object: 'Object Repository/Page_Earth Sensor Portal/SearchResults/SearchResultsAddSelectedToCart_Button' is clicked on

2018-06-29 13:12:08 - [MESSAGE][PASSED] - Object: 'Object Repository/Page_Earth Sensor Portal/SearchResults/SearchResultsAddSelectedToCart_Button' is clicked on

2018-06-29 13:12:08 - [TEST_STEP][PASSED] - click: Object: 'Object Repository/Page_Earth Sensor Portal/Catalog/CatalogProducts_Button' is clicked on

2018-06-29 13:12:08 - [MESSAGE][PASSED] - Object: 'Object Repository/Page_Earth Sensor Portal/Catalog/CatalogProducts_Button' is clicked on

2018-06-29 13:12:08 - [TEST_STEP][PASSED] - check: Object 'Object Repository/Page_Earth Sensor Portal/ProductSelection/ProductSelectionNaipRGB_Checkbox' is checked

2018-06-29 13:12:08 - [MESSAGE][PASSED] - Object 'Object Repository/Page_Earth Sensor Portal/ProductSelection/ProductSelectionNaipRGB_Checkbox' is checked

2018-06-29 13:12:08 - [TEST_STEP][PASSED] - uncheck: Object 'Object Repository/Page_Earth Sensor Portal/ProductSelection/ProductselectionLandsat8NDVI_Checkbox' is un-checked

2018-06-29 13:12:09 - [MESSAGE][PASSED] - Object 'Object Repository/Page_Earth Sensor Portal/ProductSelection/ProductselectionLandsat8NDVI_Checkbox' is un-checked

2018-06-29 13:12:09 - [TEST_STEP][PASSED] - click: Object: 'Object Repository/Page_Earth Sensor Portal/ProductSelection/ProductSelection_OK' is clicked on

2018-06-29 13:12:09 - [MESSAGE][PASSED] - Object: 'Object Repository/Page_Earth Sensor Portal/ProductSelection/ProductSelection_OK' is clicked on

2018-06-29 13:12:09 - [TEST_STEP][PASSED] - Statement - java.lang.Thread.sleep(4000): null

2018-06-29 13:12:13 - [TEST_STEP][FAILED] - click: Unable to click on object 'Object Repository/Page_Earth Sensor Portal/SearchResults/SearchResults_SelectFirstRow' (Root cause: com.kms.katalon.core.webui.exception.WebElementNotFoundException: Web element with id: 'Object Repository/Page_Earth Sensor Portal/SearchResults/SearchResults_SelectFirstRow' located by 'By.cssSelector: #searchResult-pane-1 .table-responsive tbody tr:nth-child(1) td:first-child input' not found)

2018-06-29 13:12:44 - [MESSAGE][FAILED] - Unable to click on object 'Object Repository/Page_Earth Sensor Portal/SearchResults/SearchResults_SelectFirstRow' (Root cause: com.kms.katalon.core.webui.exception.WebElementNotFoundException: Web element with id: 'Object Repository/Page_Earth Sensor Portal/SearchResults/SearchResults_SelectFirstRow' located by 'By.cssSelector: #searchResult-pane-1 .table-responsive tbody tr:nth-child(1) td:first-child input' not found)
[[ATTACHMENT|D:\\ATPS\\ESPATP\\Reports\\User\\20180629_131142\\1530295963753.png]]]]></system-out>
         <system-err><![CDATA[2018-06-29 13:11:49 - [TEST_CASE][FAILED] - Test Cases/Landsat8AndNAIPOrder: Test Cases/Landsat8AndNAIPOrder FAILED because (of) Unable to click on object 'Object Repository/Page_Earth Sensor Portal/SearchResults/SearchResults_SelectFirstRow' (Root cause: com.kms.katalon.core.webui.exception.WebElementNotFoundException: Web element with id: 'Object Repository/Page_Earth Sensor Portal/SearchResults/SearchResults_SelectFirstRow' located by 'By.cssSelector: #searchResult-pane-1 .table-responsive tbody tr:nth-child(1) td:first-child input' not found)]]></system-err>
      </testcase>
      <system-out><![CDATA[2018-06-29 13:11:48 - [TEST_SUITE][FAILED] - User: Test Cases/Landsat8AndNAIPOrder FAILED because (of) Unable to click on object 'Object Repository/Page_Earth Sensor Portal/SearchResults/SearchResults_SelectFirstRow' (Root cause: com.kms.katalon.core.webui.exception.WebElementNotFoundException: Web element with id: 'Object Repository/Page_Earth Sensor Portal/SearchResults/SearchResults_SelectFirstRow' located by 'By.cssSelector: #searchResult-pane-1 .table-responsive tbody tr:nth-child(1) td:first-child input' not found)]]></system-out>
      <system-err><![CDATA[2018-06-29 13:11:48 - [TEST_SUITE][FAILED] - User: Test Cases/Landsat8AndNAIPOrder FAILED because (of) Unable to click on object 'Object Repository/Page_Earth Sensor Portal/SearchResults/SearchResults_SelectFirstRow' (Root cause: com.kms.katalon.core.webui.exception.WebElementNotFoundException: Web element with id: 'Object Repository/Page_Earth Sensor Portal/SearchResults/SearchResults_SelectFirstRow' located by 'By.cssSelector: #searchResult-pane-1 .table-responsive tbody tr:nth-child(1) td:first-child input' not found)]]></system-err>
   </testsuite>
</testsuites>
