<?xml version="1.0" encoding="UTF-8"?>
<testsuites name="User" time="38" tests="0" failures="1" errors="0">
   <testsuite name="User" tests="0" failures="1" errors="0" time="38" timestamp="2018-06-28 14:07:19" hostname="DGlenn - MUSES-David.local.niirs10.com" id="Test Suites/User">
      <properties>
         <property name="deviceName" value=""/>
         <property name="devicePlatform" value=""/>
         <property name="logFolder" value="D:\\ATPS\\ESPATP\\Reports\\User\\20180628_140717"/>
         <property name="logFiles" value="D:\\ATPS\\ESPATP\\Reports\\User\\20180628_140717\\execution0.log"/>
         <property name="attachments" value=""/>
         <property name="hostName" value="DGlenn - MUSES-David.local.niirs10.com"/>
         <property name="os" value="Windows 10 64bit"/>
         <property name="katalonVersion" value="5.4.1.1"/>
         <property name="browser" value="Firefox 59.0"/>
         <property name="hostAddress" value="192.168.1.75"/>
         <property name="sessionId" value="d708dbfb-1810-4fcc-ac6e-91eb60f21e9b"/>
         <property name="seleniumVersion" value="3.7.1"/>
         <property name="proxyInformation" value="ProxyInformation{proxyOption=NO_PROXY, proxyServerType=HTTP, password=, proxyServerAddress=, proxyServerPort=0}"/>
         <property name="platform" value="Windows 10"/>
      </properties>
      <testcase name="Test Cases/Landsat8AndNAIPOrder" classname="Test Cases/Landsat8AndNAIPOrder" status="FAILED">
         <failure type="FAILED" message="Unable to set text 'Birmingham, Al' of object 'Object Repository/Page_Earth Sensor Portal/CesiumSearchField' (Root cause: org.openqa.selenium.WebDriverException: Failed to decode response from marionette
Build info: version: '3.7.1', revision: '8a0099a', time: '2017-11-06T21:07:36.161Z'
System info: host: 'MUSES-DAVID', ip: '192.168.1.75', os.name: 'Windows 10', os.arch: 'amd64', os.version: '10.0', java.version: '1.8.0_102'
Driver info: com.kms.katalon.core.webui.driver.firefox.CGeckoDriver
Capabilities {acceptInsecureCerts: true, browserName: firefox, browserVersion: 59.0.3, javascriptEnabled: true, moz:accessibilityChecks: false, moz:headless: false, moz:processID: 2392, moz:profile: C:\Users\DGlenn\AppData\Loc..., moz:useNonSpecCompliantPointerOrigin: false, moz:webdriverClick: true, pageLoadStrategy: normal, platform: XP, platformName: XP, platformVersion: 10.0, proxy: Proxy(direct), rotatable: false, timeouts: {implicit: 0, pageLoad: 300000, script: 30000}}
Session ID: d708dbfb-1810-4fcc-ac6e-91eb60f21e9b
*** Element info: {Using=xpath, value=//input[@type = 'search' and @placeholder = 'Enter an address or landmark...']})"/>
         <system-out><![CDATA[2018-06-28 14:07:19 - [TEST_CASE][FAILED] - Test Cases/Landsat8AndNAIPOrder: Test Cases/Landsat8AndNAIPOrder FAILED because (of) Unable to set text 'Birmingham, Al' of object 'Object Repository/Page_Earth Sensor Portal/CesiumSearchField' (Root cause: org.openqa.selenium.WebDriverException: Failed to decode response from marionette
Build info: version: '3.7.1', revision: '8a0099a', time: '2017-11-06T21:07:36.161Z'
System info: host: 'MUSES-DAVID', ip: '192.168.1.75', os.name: 'Windows 10', os.arch: 'amd64', os.version: '10.0', java.version: '1.8.0_102'
Driver info: com.kms.katalon.core.webui.driver.firefox.CGeckoDriver
Capabilities {acceptInsecureCerts: true, browserName: firefox, browserVersion: 59.0.3, javascriptEnabled: true, moz:accessibilityChecks: false, moz:headless: false, moz:processID: 2392, moz:profile: C:\Users\DGlenn\AppData\Loc..., moz:useNonSpecCompliantPointerOrigin: false, moz:webdriverClick: true, pageLoadStrategy: normal, platform: XP, platformName: XP, platformVersion: 10.0, proxy: Proxy(direct), rotatable: false, timeouts: {implicit: 0, pageLoad: 300000, script: 30000}}
Session ID: d708dbfb-1810-4fcc-ac6e-91eb60f21e9b
*** Element info: {Using=xpath, value=//input[@type = 'search' and @placeholder = 'Enter an address or landmark...']})

2018-06-28 14:07:19 - [TEST_STEP][PASSED] - callTestCase: Call Test Case 'Test Cases/Utilities/GetLoginInfo' successfully

2018-06-28 14:07:20 - [TEST_CASE][PASSED] - Test Cases/Utilities/GetLoginInfo: Test Cases/Utilities/GetLoginInfo

2018-06-28 14:07:20 - [TEST_STEP][PASSED] - Statement - envData = com.kms.katalon.core.testdata.TestDataFactory.findTestData(LoginData): Reading excel file with source file 'D:\ATPS\TestData\logins.xlsx' and sheet name 'Test1'

2018-06-28 14:07:20 - [TEST_STEP][PASSED] - Statement - User = envData.getValue(2, EnvDataRowIndex): null

2018-06-28 14:07:20 - [TEST_STEP][PASSED] - Statement - pwd = envData.getValue(3, EnvDataRowIndex): null

2018-06-28 14:07:20 - [TEST_STEP][PASSED] - Statement - ScreenShotFile = envData.getValue(4, EnvDataRowIndex): null

2018-06-28 14:07:20 - [MESSAGE][PASSED] - Call Test Case 'Test Cases/Utilities/GetLoginInfo' successfully

2018-06-28 14:07:20 - [TEST_STEP][PASSED] - openBrowser: Browser is opened with url: ''

2018-06-28 14:07:26 - [MESSAGE][PASSED] - Browser is opened with url: ''

2018-06-28 14:07:26 - [TEST_STEP][PASSED] - navigateToUrl: Navigate to 'https://geocue.earthsensorportal.com' successfully

2018-06-28 14:07:28 - [MESSAGE][PASSED] - Navigate to 'https://geocue.earthsensorportal.com' successfully

2018-06-28 14:07:28 - [TEST_STEP][PASSED] - setText: Text 'dmglenn3034@gmail.com' is set on object 'Object Repository/Page_Earth Sensor Portal/input_Email'

2018-06-28 14:07:32 - [MESSAGE][PASSED] - Text 'dmglenn3034@gmail.com' is set on object 'Object Repository/Page_Earth Sensor Portal/input_Email'

2018-06-28 14:07:32 - [TEST_STEP][PASSED] - setText: Text 'David123!' is set on object 'Object Repository/Page_Earth Sensor Portal/input_Password'

2018-06-28 14:07:36 - [MESSAGE][PASSED] - Text 'David123!' is set on object 'Object Repository/Page_Earth Sensor Portal/input_Password'

2018-06-28 14:07:36 - [TEST_STEP][PASSED] - click: Object: 'Object Repository/Page_Earth Sensor Portal/Signin_Button' is clicked on

2018-06-28 14:07:38 - [MESSAGE][PASSED] - Object: 'Object Repository/Page_Earth Sensor Portal/Signin_Button' is clicked on

2018-06-28 14:07:38 - [TEST_STEP][FAILED] - setText: Unable to set text 'Birmingham, Al' of object 'Object Repository/Page_Earth Sensor Portal/CesiumSearchField' (Root cause: org.openqa.selenium.WebDriverException: Failed to decode response from marionette
Build info: version: '3.7.1', revision: '8a0099a', time: '2017-11-06T21:07:36.161Z'
System info: host: 'MUSES-DAVID', ip: '192.168.1.75', os.name: 'Windows 10', os.arch: 'amd64', os.version: '10.0', java.version: '1.8.0_102'
Driver info: com.kms.katalon.core.webui.driver.firefox.CGeckoDriver
Capabilities {acceptInsecureCerts: true, browserName: firefox, browserVersion: 59.0.3, javascriptEnabled: true, moz:accessibilityChecks: false, moz:headless: false, moz:processID: 2392, moz:profile: C:\Users\DGlenn\AppData\Loc..., moz:useNonSpecCompliantPointerOrigin: false, moz:webdriverClick: true, pageLoadStrategy: normal, platform: XP, platformName: XP, platformVersion: 10.0, proxy: Proxy(direct), rotatable: false, timeouts: {implicit: 0, pageLoad: 300000, script: 30000}}
Session ID: d708dbfb-1810-4fcc-ac6e-91eb60f21e9b
*** Element info: {Using=xpath, value=//input[@type = 'search' and @placeholder = 'Enter an address or landmark...']})

2018-06-28 14:07:57 - [MESSAGE][WARNING] - Cannot take screenshot

2018-06-28 14:07:57 - [MESSAGE][FAILED] - Unable to set text 'Birmingham, Al' of object 'Object Repository/Page_Earth Sensor Portal/CesiumSearchField' (Root cause: org.openqa.selenium.WebDriverException: Failed to decode response from marionette
Build info: version: '3.7.1', revision: '8a0099a', time: '2017-11-06T21:07:36.161Z'
System info: host: 'MUSES-DAVID', ip: '192.168.1.75', os.name: 'Windows 10', os.arch: 'amd64', os.version: '10.0', java.version: '1.8.0_102'
Driver info: com.kms.katalon.core.webui.driver.firefox.CGeckoDriver
Capabilities {acceptInsecureCerts: true, browserName: firefox, browserVersion: 59.0.3, javascriptEnabled: true, moz:accessibilityChecks: false, moz:headless: false, moz:processID: 2392, moz:profile: C:\Users\DGlenn\AppData\Loc..., moz:useNonSpecCompliantPointerOrigin: false, moz:webdriverClick: true, pageLoadStrategy: normal, platform: XP, platformName: XP, platformVersion: 10.0, proxy: Proxy(direct), rotatable: false, timeouts: {implicit: 0, pageLoad: 300000, script: 30000}}
Session ID: d708dbfb-1810-4fcc-ac6e-91eb60f21e9b
*** Element info: {Using=xpath, value=//input[@type = 'search' and @placeholder = 'Enter an address or landmark...']})]]></system-out>
         <system-err><![CDATA[2018-06-28 14:07:19 - [TEST_CASE][FAILED] - Test Cases/Landsat8AndNAIPOrder: Test Cases/Landsat8AndNAIPOrder FAILED because (of) Unable to set text 'Birmingham, Al' of object 'Object Repository/Page_Earth Sensor Portal/CesiumSearchField' (Root cause: org.openqa.selenium.WebDriverException: Failed to decode response from marionette
Build info: version: '3.7.1', revision: '8a0099a', time: '2017-11-06T21:07:36.161Z'
System info: host: 'MUSES-DAVID', ip: '192.168.1.75', os.name: 'Windows 10', os.arch: 'amd64', os.version: '10.0', java.version: '1.8.0_102'
Driver info: com.kms.katalon.core.webui.driver.firefox.CGeckoDriver
Capabilities {acceptInsecureCerts: true, browserName: firefox, browserVersion: 59.0.3, javascriptEnabled: true, moz:accessibilityChecks: false, moz:headless: false, moz:processID: 2392, moz:profile: C:\Users\DGlenn\AppData\Loc..., moz:useNonSpecCompliantPointerOrigin: false, moz:webdriverClick: true, pageLoadStrategy: normal, platform: XP, platformName: XP, platformVersion: 10.0, proxy: Proxy(direct), rotatable: false, timeouts: {implicit: 0, pageLoad: 300000, script: 30000}}
Session ID: d708dbfb-1810-4fcc-ac6e-91eb60f21e9b
*** Element info: {Using=xpath, value=//input[@type = 'search' and @placeholder = 'Enter an address or landmark...']})]]></system-err>
      </testcase>
      <system-out><![CDATA[2018-06-28 14:07:19 - [TEST_SUITE][INCOMPLETE] - User: null]]></system-out>
      <system-err><![CDATA[2018-06-28 14:07:19 - [TEST_SUITE][INCOMPLETE] - User: null]]></system-err>
   </testsuite>
</testsuites>
