<?xml version="1.0" encoding="UTF-8"?>
<testsuites name="User" time="35" tests="1" failures="0" errors="0">
   <testsuite name="User" tests="1" failures="0" errors="0" time="35" timestamp="2018-06-29 13:17:41" hostname="DGlenn - MUSES-David.local.niirs10.com" id="Test Suites/User">
      <properties>
         <property name="deviceName" value=""/>
         <property name="devicePlatform" value=""/>
         <property name="logFolder" value="D:\\ATPS\\ESPATP\\Reports\\User\\20180629_131735"/>
         <property name="logFiles" value="D:\\ATPS\\ESPATP\\Reports\\User\\20180629_131735\\execution0.log"/>
         <property name="attachments" value=""/>
         <property name="hostName" value="DGlenn - MUSES-David.local.niirs10.com"/>
         <property name="os" value="Windows 10 64bit"/>
         <property name="katalonVersion" value="5.4.2.1"/>
         <property name="browser" value="Firefox 59.0"/>
         <property name="hostAddress" value="192.168.56.1"/>
         <property name="sessionId" value="2dd3c79a-f2f4-4db7-a640-357b8413fdc7"/>
         <property name="seleniumVersion" value="3.7.1"/>
         <property name="proxyInformation" value="ProxyInformation{proxyOption=NO_PROXY, proxyServerType=HTTP, password=, proxyServerAddress=, proxyServerPort=0}"/>
         <property name="platform" value="Windows 10"/>
      </properties>
      <testcase name="Test Cases/Landsat8AndNAIPOrder" classname="Test Cases/Landsat8AndNAIPOrder" status="PASSED">
         <system-out><![CDATA[2018-06-29 13:17:41 - [TEST_CASE][PASSED] - Test Cases/Landsat8AndNAIPOrder: Test Cases/Landsat8AndNAIPOrder

2018-06-29 13:17:42 - [TEST_STEP][PASSED] - callTestCase: Call Test Case 'Test Cases/Utilities/GetLoginInfo' successfully

2018-06-29 13:17:42 - [TEST_CASE][PASSED] - Test Cases/Utilities/GetLoginInfo: Test Cases/Utilities/GetLoginInfo

2018-06-29 13:17:42 - [TEST_STEP][PASSED] - Statement - envData = com.kms.katalon.core.testdata.TestDataFactory.findTestData(LoginData): Reading excel file with source file 'D:\ATPS\TestData\logins.xlsx' and sheet name 'Test1'

2018-06-29 13:17:42 - [TEST_STEP][PASSED] - Statement - User = envData.getValue(2, EnvDataRowIndex): null

2018-06-29 13:17:43 - [TEST_STEP][PASSED] - Statement - pwd = envData.getValue(3, EnvDataRowIndex): null

2018-06-29 13:17:43 - [TEST_STEP][PASSED] - Statement - ScreenShotFile = envData.getValue(4, EnvDataRowIndex): null

2018-06-29 13:17:43 - [MESSAGE][PASSED] - Call Test Case 'Test Cases/Utilities/GetLoginInfo' successfully

2018-06-29 13:17:43 - [TEST_STEP][PASSED] - openBrowser: Browser is opened with url: ''

2018-06-29 13:17:46 - [MESSAGE][PASSED] - Browser is opened with url: ''

2018-06-29 13:17:46 - [TEST_STEP][PASSED] - navigateToUrl: Navigate to 'https://geocue.tcloudhost-dev.com' successfully

2018-06-29 13:17:47 - [MESSAGE][PASSED] - Navigate to 'https://geocue.tcloudhost-dev.com' successfully

2018-06-29 13:17:47 - [TEST_STEP][PASSED] - setText: Text 'dmglenn3034@gmail.com' is set on object 'Object Repository/Page_Earth Sensor Portal/input_Email'

2018-06-29 13:17:47 - [MESSAGE][PASSED] - Text 'dmglenn3034@gmail.com' is set on object 'Object Repository/Page_Earth Sensor Portal/input_Email'

2018-06-29 13:17:47 - [TEST_STEP][PASSED] - setText: Text 'David123!' is set on object 'Object Repository/Page_Earth Sensor Portal/input_Password'

2018-06-29 13:17:47 - [MESSAGE][PASSED] - Text 'David123!' is set on object 'Object Repository/Page_Earth Sensor Portal/input_Password'

2018-06-29 13:17:47 - [TEST_STEP][PASSED] - click: Object: 'Object Repository/Page_Earth Sensor Portal/Signin_Button' is clicked on

2018-06-29 13:17:49 - [MESSAGE][PASSED] - Object: 'Object Repository/Page_Earth Sensor Portal/Signin_Button' is clicked on

2018-06-29 13:17:49 - [TEST_STEP][PASSED] - setText: Text 'Birmingham, Al' is set on object 'Object Repository/Page_Earth Sensor Portal/CesiumSearchField'

2018-06-29 13:17:49 - [MESSAGE][PASSED] - Text 'Birmingham, Al' is set on object 'Object Repository/Page_Earth Sensor Portal/CesiumSearchField'

2018-06-29 13:17:49 - [TEST_STEP][PASSED] - click: Object: 'Object Repository/Page_Earth Sensor Portal/CesiumSearchButton' is clicked on

2018-06-29 13:17:50 - [MESSAGE][PASSED] - Object: 'Object Repository/Page_Earth Sensor Portal/CesiumSearchButton' is clicked on

2018-06-29 13:17:50 - [TEST_STEP][PASSED] - Statement - java.lang.Thread.sleep(4000): null

2018-06-29 13:17:54 - [TEST_STEP][PASSED] - click: Object: 'Object Repository/Page_Earth Sensor Portal/Catalog/CatalogAOIAsView_Button' is clicked on

2018-06-29 13:17:54 - [MESSAGE][PASSED] - Object: 'Object Repository/Page_Earth Sensor Portal/Catalog/CatalogAOIAsView_Button' is clicked on

2018-06-29 13:17:54 - [TEST_STEP][PASSED] - click: Object: 'Object Repository/Page_Earth Sensor Portal/Catalog/CatalogProducts_Button' is clicked on

2018-06-29 13:17:55 - [MESSAGE][PASSED] - Object: 'Object Repository/Page_Earth Sensor Portal/Catalog/CatalogProducts_Button' is clicked on

2018-06-29 13:17:55 - [TEST_STEP][PASSED] - check: Object 'Object Repository/Page_Earth Sensor Portal/ProductSelection/ProductselectionLandsat8NDVI_Checkbox' is checked

2018-06-29 13:17:55 - [MESSAGE][PASSED] - Object 'Object Repository/Page_Earth Sensor Portal/ProductSelection/ProductselectionLandsat8NDVI_Checkbox' is checked

2018-06-29 13:17:55 - [TEST_STEP][PASSED] - click: Object: 'Object Repository/Page_Earth Sensor Portal/ProductSelection/ProductSelection_OK' is clicked on

2018-06-29 13:17:55 - [MESSAGE][PASSED] - Object: 'Object Repository/Page_Earth Sensor Portal/ProductSelection/ProductSelection_OK' is clicked on

2018-06-29 13:17:55 - [TEST_STEP][PASSED] - Statement - java.lang.Thread.sleep(4000): null

2018-06-29 13:17:59 - [TEST_STEP][PASSED] - click: Object: 'Object Repository/Page_Earth Sensor Portal/SearchResults/SearchResults_SelectFirstRow' is clicked on

2018-06-29 13:18:00 - [MESSAGE][PASSED] - Object: 'Object Repository/Page_Earth Sensor Portal/SearchResults/SearchResults_SelectFirstRow' is clicked on

2018-06-29 13:18:00 - [TEST_STEP][PASSED] - click: Object: 'Object Repository/Page_Earth Sensor Portal/SearchResults/SearchResultsAddSelectedToCart_Button' is clicked on

2018-06-29 13:18:01 - [MESSAGE][PASSED] - Object: 'Object Repository/Page_Earth Sensor Portal/SearchResults/SearchResultsAddSelectedToCart_Button' is clicked on

2018-06-29 13:18:01 - [TEST_STEP][PASSED] - click: Object: 'Object Repository/Page_Earth Sensor Portal/Catalog/CatalogProducts_Button' is clicked on

2018-06-29 13:18:01 - [MESSAGE][PASSED] - Object: 'Object Repository/Page_Earth Sensor Portal/Catalog/CatalogProducts_Button' is clicked on

2018-06-29 13:18:01 - [TEST_STEP][PASSED] - check: Object 'Object Repository/Page_Earth Sensor Portal/ProductSelection/ProductSelectionNaipRGB_Checkbox' is checked

2018-06-29 13:18:01 - [MESSAGE][PASSED] - Object 'Object Repository/Page_Earth Sensor Portal/ProductSelection/ProductSelectionNaipRGB_Checkbox' is checked

2018-06-29 13:18:01 - [TEST_STEP][PASSED] - uncheck: Object 'Object Repository/Page_Earth Sensor Portal/ProductSelection/ProductselectionLandsat8NDVI_Checkbox' is un-checked

2018-06-29 13:18:02 - [MESSAGE][PASSED] - Object 'Object Repository/Page_Earth Sensor Portal/ProductSelection/ProductselectionLandsat8NDVI_Checkbox' is un-checked

2018-06-29 13:18:02 - [TEST_STEP][PASSED] - click: Object: 'Object Repository/Page_Earth Sensor Portal/ProductSelection/ProductSelection_OK' is clicked on

2018-06-29 13:18:03 - [MESSAGE][PASSED] - Object: 'Object Repository/Page_Earth Sensor Portal/ProductSelection/ProductSelection_OK' is clicked on

2018-06-29 13:18:03 - [TEST_STEP][PASSED] - Statement - java.lang.Thread.sleep(4000): null

2018-06-29 13:18:07 - [TEST_STEP][PASSED] - click: Object: 'Object Repository/Page_Earth Sensor Portal/SearchResults/SearchResults_SelectFirstRow' is clicked on

2018-06-29 13:18:07 - [MESSAGE][PASSED] - Object: 'Object Repository/Page_Earth Sensor Portal/SearchResults/SearchResults_SelectFirstRow' is clicked on

2018-06-29 13:18:07 - [TEST_STEP][PASSED] - click: Object: 'Object Repository/Page_Earth Sensor Portal/SearchResults/SearchResultsAddSelectedToCart_Button' is clicked on

2018-06-29 13:18:08 - [MESSAGE][PASSED] - Object: 'Object Repository/Page_Earth Sensor Portal/SearchResults/SearchResultsAddSelectedToCart_Button' is clicked on

2018-06-29 13:18:08 - [TEST_STEP][PASSED] - click: Object: 'Object Repository/Page_Earth Sensor Portal/OrderCart/OrderCart_Button' is clicked on

2018-06-29 13:18:08 - [MESSAGE][PASSED] - Object: 'Object Repository/Page_Earth Sensor Portal/OrderCart/OrderCart_Button' is clicked on

2018-06-29 13:18:08 - [TEST_STEP][PASSED] - click: Object: 'Object Repository/Page_Earth Sensor Portal/OrderCart/OrderCartCheckout_Button' is clicked on

2018-06-29 13:18:08 - [MESSAGE][PASSED] - Object: 'Object Repository/Page_Earth Sensor Portal/OrderCart/OrderCartCheckout_Button' is clicked on

2018-06-29 13:18:08 - [TEST_STEP][PASSED] - Statement - date = new java.util.Date(): null

2018-06-29 13:18:08 - [TEST_STEP][PASSED] - Statement - sdf = new java.text.SimpleDateFormat(yyyy-MM-dd HH:mm:ss): null

2018-06-29 13:18:08 - [TEST_STEP][PASSED] - Statement - aDate = sdf.format(new java.util.Date()): null

2018-06-29 13:18:08 - [TEST_STEP][PASSED] - Statement - OName = "ATPLSandNAIP-" + aDate: null

2018-06-29 13:18:08 - [TEST_STEP][PASSED] - setText: Text 'ATPLSandNAIP-2018-06-29 13:18:08' is set on object 'Object Repository/Page_Earth Sensor Portal/OrderCart/OrderCartOrderName_Field'

2018-06-29 13:18:09 - [MESSAGE][PASSED] - Text 'ATPLSandNAIP-2018-06-29 13:18:08' is set on object 'Object Repository/Page_Earth Sensor Portal/OrderCart/OrderCartOrderName_Field'

2018-06-29 13:18:09 - [TEST_STEP][PASSED] - click: Object: 'Object Repository/Page_Earth Sensor Portal/OrderCart/OrderCartPreviewOrder_Button' is clicked on

2018-06-29 13:18:09 - [MESSAGE][PASSED] - Object: 'Object Repository/Page_Earth Sensor Portal/OrderCart/OrderCartPreviewOrder_Button' is clicked on

2018-06-29 13:18:09 - [TEST_STEP][PASSED] - click: Object: 'Object Repository/Page_Earth Sensor Portal/OrderCart/OrderCartPlaceOrder_Button' is clicked on

2018-06-29 13:18:09 - [MESSAGE][PASSED] - Object: 'Object Repository/Page_Earth Sensor Portal/OrderCart/OrderCartPlaceOrder_Button' is clicked on

2018-06-29 13:18:09 - [TEST_STEP][PASSED] - delay: Delayed 3 second(s)

2018-06-29 13:18:12 - [MESSAGE][PASSED] - Delayed 3 second(s)

2018-06-29 13:18:12 - [TEST_STEP][PASSED] - click: Object: 'Object Repository/Page_Earth Sensor Portal/OKButton' is clicked on

2018-06-29 13:18:12 - [MESSAGE][PASSED] - Object: 'Object Repository/Page_Earth Sensor Portal/OKButton' is clicked on

2018-06-29 13:18:12 - [TEST_STEP][PASSED] - callTestCase: Call Test Case 'Test Cases/Utilities/CatalogSignOut' successfully

2018-06-29 13:18:12 - [TEST_CASE][PASSED] - Test Cases/Utilities/CatalogSignOut: Test Cases/Utilities/CatalogSignOut

2018-06-29 13:18:13 - [TEST_STEP][PASSED] - delay: Delayed 3 second(s)

2018-06-29 13:18:16 - [MESSAGE][PASSED] - Delayed 3 second(s)

2018-06-29 13:18:16 - [TEST_STEP][PASSED] - click: Object: 'Object Repository/Page_Earth Sensor Portal/Catalog/CatalogUserAccount_Dropdown' is clicked on

2018-06-29 13:18:16 - [MESSAGE][PASSED] - Object: 'Object Repository/Page_Earth Sensor Portal/Catalog/CatalogUserAccount_Dropdown' is clicked on

2018-06-29 13:18:16 - [TEST_STEP][PASSED] - click: Object: 'Object Repository/Page_Earth Sensor Portal/Catalog/CatalogUserAccount_Signout' is clicked on

2018-06-29 13:18:16 - [MESSAGE][PASSED] - Object: 'Object Repository/Page_Earth Sensor Portal/Catalog/CatalogUserAccount_Signout' is clicked on

2018-06-29 13:18:16 - [TEST_STEP][PASSED] - closeBrowser: Browser is closed

2018-06-29 13:18:16 - [MESSAGE][PASSED] - Browser is closed

2018-06-29 13:18:16 - [MESSAGE][PASSED] - Call Test Case 'Test Cases/Utilities/CatalogSignOut' successfully]]></system-out>
         <system-err><![CDATA[]]></system-err>
      </testcase>
      <system-out><![CDATA[2018-06-29 13:17:41 - [TEST_SUITE][PASSED] - User: Test Cases/Landsat8AndNAIPOrder]]></system-out>
      <system-err><![CDATA[]]></system-err>
   </testsuite>
</testsuites>
